<?xml version="1.0" encoding="UTF-8"?>
<testsuite name="agh.ii.prinjava.proj1.impl.MyQueueDLLBImplTest" tests="4" skipped="0" failures="0" errors="0" timestamp="2022-11-13T12:14:11" hostname="LAPTOP-QDHFCCHO" time="0.009">
  <properties/>
  <testcase name="enqueue()" classname="agh.ii.prinjava.proj1.impl.MyQueueDLLBImplTest" time="0.002"/>
  <testcase name="numOfElems()" classname="agh.ii.prinjava.proj1.impl.MyQueueDLLBImplTest" time="0.001"/>
  <testcase name="peek()" classname="agh.ii.prinjava.proj1.impl.MyQueueDLLBImplTest" time="0.001"/>
  <testcase name="dequeue()" classname="agh.ii.prinjava.proj1.impl.MyQueueDLLBImplTest" time="0.002"/>
  <system-out><![CDATA[]]></system-out>
  <system-err><![CDATA[]]></system-err>
</testsuite>
